2025-08-28 10:45:20.804 [info] Reading sessions from keychain...
2025-08-28 10:45:20.804 [info] Getting sessions for all scopes...
2025-08-28 10:45:20.804 [info] Got 0 sessions for ...
2025-08-28 10:45:20.804 [info] Getting sessions for all scopes...
2025-08-28 10:45:20.804 [info] Got 0 sessions for ...
2025-08-28 10:45:20.804 [info] Getting sessions for all scopes...
2025-08-28 10:45:20.804 [info] Got 0 sessions for ...
2025-08-28 10:45:20.804 [info] Getting sessions for all scopes...
2025-08-28 10:45:20.805 [info] Got 0 sessions for ...
2025-08-28 10:45:20.805 [info] Getting sessions for all scopes...
2025-08-28 10:45:20.805 [info] Got 0 sessions for ...
2025-08-28 10:45:20.805 [info] Getting sessions for all scopes...
2025-08-28 10:45:20.805 [info] Got 0 sessions for ...
2025-08-28 10:45:20.805 [info] Getting sessions for all scopes...
2025-08-28 10:45:20.805 [info] Got 0 sessions for ...
2025-08-28 10:45:20.805 [info] Getting sessions for all scopes...
2025-08-28 10:45:20.805 [info] Got 0 sessions for ...
2025-08-28 10:45:20.805 [info] Getting sessions for all scopes...
2025-08-28 10:45:20.805 [info] Got 0 sessions for ...
2025-08-28 10:45:20.805 [info] Getting sessions for all scopes...
2025-08-28 10:45:20.805 [info] Got 0 sessions for ...
2025-08-28 10:45:20.805 [info] Getting sessions for all scopes...
2025-08-28 10:45:20.805 [info] Got 0 sessions for ...
2025-08-28 10:45:20.805 [info] Getting sessions for all scopes...
2025-08-28 10:45:20.806 [info] Got 0 sessions for ...
2025-08-28 10:45:20.806 [info] Getting sessions for all scopes...
2025-08-28 10:45:20.806 [info] Got 0 sessions for ...
2025-08-28 10:45:20.806 [info] Getting sessions for all scopes...
2025-08-28 10:45:20.806 [info] Got 0 sessions for ...
2025-08-28 10:45:21.939 [info] Getting sessions for all scopes...
2025-08-28 10:45:21.939 [info] Got 0 sessions for ...
2025-08-28 10:45:22.145 [info] Getting sessions for all scopes...
2025-08-28 10:45:22.145 [info] Got 0 sessions for ...
2025-08-28 10:45:22.146 [info] Getting sessions for all scopes...
2025-08-28 10:45:22.146 [info] Got 0 sessions for ...
2025-08-28 10:45:22.154 [info] Getting sessions for all scopes...
2025-08-28 10:45:22.154 [info] Got 0 sessions for ...
2025-08-28 10:45:39.174 [info] Reading sessions from keychain...
2025-08-28 10:45:39.175 [info] Getting sessions for all scopes...
2025-08-28 10:45:39.260 [info] Got 0 sessions for ...
2025-08-28 10:45:39.260 [info] Getting sessions for all scopes...
2025-08-28 10:45:39.260 [info] Got 0 sessions for ...
2025-08-28 10:45:39.261 [info] Getting sessions for all scopes...
2025-08-28 10:45:39.261 [info] Got 0 sessions for ...
2025-08-28 10:45:39.261 [info] Getting sessions for all scopes...
2025-08-28 10:45:39.261 [info] Got 0 sessions for ...
2025-08-28 10:45:39.261 [info] Getting sessions for all scopes...
2025-08-28 10:45:39.261 [info] Got 0 sessions for ...
2025-08-28 10:45:39.261 [info] Getting sessions for all scopes...
2025-08-28 10:45:39.261 [info] Got 0 sessions for ...
2025-08-28 10:45:39.262 [info] Getting sessions for all scopes...
2025-08-28 10:45:39.262 [info] Got 0 sessions for ...
2025-08-28 10:45:39.262 [info] Getting sessions for all scopes...
2025-08-28 10:45:39.262 [info] Got 0 sessions for ...
2025-08-28 10:45:39.262 [info] Getting sessions for all scopes...
2025-08-28 10:45:39.262 [info] Got 0 sessions for ...
2025-08-28 10:45:39.274 [info] Getting sessions for all scopes...
2025-08-28 10:45:39.274 [info] Got 0 sessions for ...
2025-08-28 10:45:39.276 [info] Getting sessions for all scopes...
2025-08-28 10:45:39.276 [info] Got 0 sessions for ...
2025-08-28 10:45:39.276 [info] Getting sessions for all scopes...
2025-08-28 10:45:39.276 [info] Got 0 sessions for ...
2025-08-28 10:45:39.277 [info] Getting sessions for all scopes...
2025-08-28 10:45:39.277 [info] Got 0 sessions for ...
2025-08-28 10:45:39.277 [info] Getting sessions for all scopes...
2025-08-28 10:45:39.278 [info] Got 0 sessions for ...
2025-08-28 10:45:39.278 [info] Getting sessions for all scopes...
2025-08-28 10:45:39.278 [info] Got 0 sessions for ...
2025-08-28 10:45:39.487 [info] Getting sessions for all scopes...
2025-08-28 10:45:39.487 [info] Got 0 sessions for ...
2025-08-28 10:45:39.841 [info] Getting sessions for all scopes...
2025-08-28 10:45:39.841 [info] Got 0 sessions for ...
2025-08-28 10:45:39.841 [info] Getting sessions for all scopes...
2025-08-28 10:45:39.841 [info] Got 0 sessions for ...
2025-08-28 10:45:39.846 [info] Getting sessions for all scopes...
2025-08-28 10:45:39.846 [info] Got 0 sessions for ...
2025-08-28 10:45:42.340 [info] Getting sessions for read:user,repo,user:email,workflow...
2025-08-28 10:45:42.340 [info] Got 0 sessions for read:user,repo,user:email,workflow...
2025-08-28 10:47:36.506 [info] Reading sessions from keychain...
2025-08-28 10:47:36.506 [info] Getting sessions for all scopes...
2025-08-28 10:47:36.506 [info] Got 0 sessions for ...
2025-08-28 10:47:36.506 [info] Getting sessions for all scopes...
2025-08-28 10:47:36.506 [info] Got 0 sessions for ...
2025-08-28 10:47:36.506 [info] Getting sessions for all scopes...
2025-08-28 10:47:36.506 [info] Got 0 sessions for ...
2025-08-28 10:47:36.506 [info] Getting sessions for all scopes...
2025-08-28 10:47:36.506 [info] Got 0 sessions for ...
2025-08-28 10:47:36.506 [info] Getting sessions for all scopes...
2025-08-28 10:47:36.507 [info] Got 0 sessions for ...
2025-08-28 10:47:36.507 [info] Getting sessions for all scopes...
2025-08-28 10:47:36.507 [info] Got 0 sessions for ...
2025-08-28 10:47:36.507 [info] Getting sessions for all scopes...
2025-08-28 10:47:36.507 [info] Got 0 sessions for ...
2025-08-28 10:47:37.986 [info] Getting sessions for read:user,repo,user:email,workflow...
2025-08-28 10:47:37.986 [info] Got 0 sessions for read:user,repo,user:email,workflow...
2025-08-28 10:49:58.619 [info] Reading sessions from keychain...
2025-08-28 10:49:58.619 [info] Getting sessions for all scopes...
2025-08-28 10:49:58.619 [info] Got 0 sessions for ...
2025-08-28 10:49:58.619 [info] Getting sessions for all scopes...
2025-08-28 10:49:58.619 [info] Got 0 sessions for ...
2025-08-28 10:49:58.619 [info] Getting sessions for all scopes...
2025-08-28 10:49:58.619 [info] Got 0 sessions for ...
2025-08-28 10:49:58.619 [info] Getting sessions for all scopes...
2025-08-28 10:49:58.619 [info] Got 0 sessions for ...
2025-08-28 10:49:58.619 [info] Getting sessions for all scopes...
2025-08-28 10:49:58.619 [info] Got 0 sessions for ...
2025-08-28 10:49:58.619 [info] Getting sessions for all scopes...
2025-08-28 10:49:58.619 [info] Got 0 sessions for ...
2025-08-28 10:49:58.620 [info] Getting sessions for all scopes...
2025-08-28 10:49:58.620 [info] Got 0 sessions for ...
2025-08-28 10:49:59.757 [info] Getting sessions for read:user,repo,user:email,workflow...
2025-08-28 10:49:59.757 [info] Got 0 sessions for read:user,repo,user:email,workflow...
2025-08-28 10:50:09.780 [info] Reading sessions from keychain...
2025-08-28 10:50:09.781 [info] Getting sessions for all scopes...
2025-08-28 10:50:09.781 [info] Got 0 sessions for ...
2025-08-28 10:50:09.781 [info] Getting sessions for all scopes...
2025-08-28 10:50:09.781 [info] Got 0 sessions for ...
2025-08-28 10:50:09.781 [info] Getting sessions for all scopes...
2025-08-28 10:50:09.781 [info] Got 0 sessions for ...
2025-08-28 10:50:09.781 [info] Getting sessions for all scopes...
2025-08-28 10:50:09.781 [info] Got 0 sessions for ...
2025-08-28 10:50:09.781 [info] Getting sessions for all scopes...
2025-08-28 10:50:09.781 [info] Got 0 sessions for ...
2025-08-28 10:50:09.781 [info] Getting sessions for all scopes...
2025-08-28 10:50:09.781 [info] Got 0 sessions for ...
2025-08-28 10:50:09.781 [info] Getting sessions for all scopes...
2025-08-28 10:50:09.781 [info] Got 0 sessions for ...
2025-08-28 10:50:09.781 [info] Getting sessions for all scopes...
2025-08-28 10:50:09.781 [info] Got 0 sessions for ...
2025-08-28 10:50:09.781 [info] Getting sessions for all scopes...
2025-08-28 10:50:09.781 [info] Got 0 sessions for ...
2025-08-28 10:50:09.781 [info] Getting sessions for all scopes...
2025-08-28 10:50:09.781 [info] Got 0 sessions for ...
2025-08-28 10:50:09.781 [info] Getting sessions for all scopes...
2025-08-28 10:50:09.781 [info] Got 0 sessions for ...
2025-08-28 10:50:09.781 [info] Getting sessions for all scopes...
2025-08-28 10:50:09.781 [info] Got 0 sessions for ...
2025-08-28 10:50:09.781 [info] Getting sessions for all scopes...
2025-08-28 10:50:09.781 [info] Got 0 sessions for ...
2025-08-28 10:50:09.781 [info] Getting sessions for all scopes...
2025-08-28 10:50:09.781 [info] Got 0 sessions for ...
2025-08-28 10:50:09.781 [info] Getting sessions for all scopes...
2025-08-28 10:50:09.781 [info] Got 0 sessions for ...
2025-08-28 10:50:09.781 [info] Getting sessions for all scopes...
2025-08-28 10:50:09.781 [info] Got 0 sessions for ...
2025-08-28 10:50:10.359 [info] Getting sessions for read:user,repo,user:email,workflow...
2025-08-28 10:50:10.359 [info] Got 0 sessions for read:user,repo,user:email,workflow...
2025-08-28 10:50:10.757 [info] Getting sessions for all scopes...
2025-08-28 10:50:10.758 [info] Got 0 sessions for ...
2025-08-28 10:50:10.758 [info] Getting sessions for all scopes...
2025-08-28 10:50:10.758 [info] Got 0 sessions for ...
2025-08-28 10:50:10.773 [info] Getting sessions for all scopes...
2025-08-28 10:50:10.773 [info] Got 0 sessions for ...
2025-08-28 10:52:53.912 [info] Reading sessions from keychain...
2025-08-28 10:52:53.912 [info] Getting sessions for all scopes...
2025-08-28 10:52:53.913 [info] Got 0 sessions for ...
2025-08-28 10:52:53.913 [info] Getting sessions for all scopes...
2025-08-28 10:52:53.913 [info] Got 0 sessions for ...
2025-08-28 10:52:53.913 [info] Getting sessions for all scopes...
2025-08-28 10:52:53.913 [info] Got 0 sessions for ...
2025-08-28 10:52:53.913 [info] Getting sessions for all scopes...
2025-08-28 10:52:53.913 [info] Got 0 sessions for ...
2025-08-28 10:52:53.913 [info] Getting sessions for all scopes...
2025-08-28 10:52:53.913 [info] Got 0 sessions for ...
2025-08-28 10:52:53.913 [info] Getting sessions for all scopes...
2025-08-28 10:52:53.913 [info] Got 0 sessions for ...
2025-08-28 10:52:53.913 [info] Getting sessions for all scopes...
2025-08-28 10:52:53.913 [info] Got 0 sessions for ...
2025-08-28 10:52:53.913 [info] Getting sessions for all scopes...
2025-08-28 10:52:53.913 [info] Got 0 sessions for ...
2025-08-28 10:52:53.913 [info] Getting sessions for all scopes...
2025-08-28 10:52:53.913 [info] Got 0 sessions for ...
2025-08-28 10:52:53.914 [info] Getting sessions for all scopes...
2025-08-28 10:52:53.914 [info] Got 0 sessions for ...
2025-08-28 10:52:53.915 [info] Getting sessions for all scopes...
2025-08-28 10:52:53.915 [info] Got 0 sessions for ...
2025-08-28 10:52:53.915 [info] Getting sessions for all scopes...
2025-08-28 10:52:53.915 [info] Got 0 sessions for ...
2025-08-28 10:52:53.916 [info] Getting sessions for all scopes...
2025-08-28 10:52:53.916 [info] Got 0 sessions for ...
2025-08-28 10:52:53.916 [info] Getting sessions for all scopes...
2025-08-28 10:52:53.916 [info] Got 0 sessions for ...
2025-08-28 10:52:53.916 [info] Getting sessions for all scopes...
2025-08-28 10:52:53.916 [info] Got 0 sessions for ...
2025-08-28 10:52:54.466 [info] Getting sessions for all scopes...
2025-08-28 10:52:54.466 [info] Got 0 sessions for ...
2025-08-28 10:52:55.020 [info] Getting sessions for read:user,repo,user:email,workflow...
2025-08-28 10:52:55.020 [info] Got 0 sessions for read:user,repo,user:email,workflow...
2025-08-28 10:52:55.099 [info] Getting sessions for all scopes...
2025-08-28 10:52:55.099 [info] Got 0 sessions for ...
2025-08-28 10:52:55.100 [info] Getting sessions for all scopes...
2025-08-28 10:52:55.100 [info] Got 0 sessions for ...
2025-08-28 10:52:55.100 [info] Getting sessions for all scopes...
2025-08-28 10:52:55.100 [info] Got 0 sessions for ...
