2025-08-28 10:45:21.120 [info] [main] Log level: Info
2025-08-28 10:45:21.120 [info] [main] Validating found git in: "C:\Program Files\Git\cmd\git.exe"
2025-08-28 10:45:21.120 [info] [main] Using git "2.48.1.windows.1" from "C:\Program Files\Git\cmd\git.exe"
2025-08-28 10:45:21.120 [info] [Model][doInitialScan] Initial repository scan started
2025-08-28 10:45:21.120 [info] [Model][doInitialScan] Initial repository scan completed - repositories (0), closed repositories (0), parent repositories (0), unsafe repositories (0)
2025-08-28 10:45:41.578 [info] [main] Log level: Info
2025-08-28 10:45:41.578 [info] [main] Validating found git in: "C:\Program Files\Git\cmd\git.exe"
2025-08-28 10:45:41.687 [info] [main] Using git "2.48.1.windows.1" from "C:\Program Files\Git\cmd\git.exe"
2025-08-28 10:45:41.688 [info] [Model][doInitialScan] Initial repository scan started
2025-08-28 10:45:41.826 [info] > git rev-parse --show-toplevel [102ms]
2025-08-28 10:45:41.969 [info] > git rev-parse --git-dir --git-common-dir --show-superproject-working-tree [133ms]
2025-08-28 10:45:41.988 [info] [Model][openRepository] Opened repository (path): c:\wamp\www\symfony\wat
2025-08-28 10:45:41.988 [info] [Model][openRepository] Opened repository (real path): c:\wamp\www\symfony\wat
2025-08-28 10:45:41.988 [info] [Model][openRepository] Opened repository (kind): repository
2025-08-28 10:45:42.112 [info] > git config --get commit.template [108ms]
2025-08-28 10:45:42.114 [info] > git rev-parse --show-toplevel [106ms]
2025-08-28 10:45:42.148 [info] > git for-each-ref --format=%(refname)%00%(upstream:short)%00%(objectname)%00%(upstream:track)%00%(upstream:remotename)%00%(upstream:remoteref) --ignore-case refs/heads/sash refs/remotes/sash [125ms]
2025-08-28 10:45:42.230 [info] > git rev-parse --show-toplevel [107ms]
2025-08-28 10:45:42.272 [info] > git for-each-ref --sort -committerdate --format %(refname)%00%(objectname)%00%(*objectname) [97ms]
2025-08-28 10:45:42.283 [info] > git status -z -uall [119ms]
2025-08-28 10:45:42.339 [info] > git rev-parse --show-toplevel [103ms]
2025-08-28 10:45:42.448 [info] > git config --get commit.template [109ms]
2025-08-28 10:45:42.451 [info] > git for-each-ref --format=%(refname)%00%(upstream:short)%00%(objectname)%00%(upstream:track)%00%(upstream:remotename)%00%(upstream:remoteref) --ignore-case refs/heads/sash refs/remotes/sash [127ms]
2025-08-28 10:45:42.467 [info] > git rev-parse --show-toplevel [120ms]
2025-08-28 10:45:42.484 [info] > git for-each-ref --format=%(refname)%00%(upstream:short)%00%(objectname)%00%(upstream:track)%00%(upstream:remotename)%00%(upstream:remoteref) --ignore-case refs/heads/sash refs/remotes/sash [128ms]
2025-08-28 10:45:42.579 [info] > git config --get --local branch.sash.vscode-merge-base [114ms]
2025-08-28 10:45:42.597 [info] > git rev-parse --show-toplevel [122ms]
2025-08-28 10:45:42.645 [info] > git for-each-ref --sort -committerdate --format %(refname)%00%(objectname)%00%(*objectname) [139ms]
2025-08-28 10:45:42.657 [info] > git status -z -uall [159ms]
2025-08-28 10:45:42.691 [info] > git check-ignore -v -z --stdin [147ms]
2025-08-28 10:45:42.738 [info] > git for-each-ref --format=%(refname)%00%(upstream:short)%00%(objectname)%00%(upstream:track)%00%(upstream:remotename)%00%(upstream:remoteref) --ignore-case refs/heads/origin/main refs/remotes/origin/main [144ms]
2025-08-28 10:45:42.798 [info] > git rev-parse --show-toplevel [192ms]
2025-08-28 10:45:42.894 [info] > git merge-base refs/heads/sash refs/remotes/origin/sash [144ms]
2025-08-28 10:45:42.906 [info] > git merge-base refs/heads/sash refs/remotes/origin/sash [144ms]
2025-08-28 10:45:42.931 [info] > git rev-parse --show-toplevel [121ms]
2025-08-28 10:45:43.020 [info] > git diff --name-status -z --diff-filter=ADMR a9da710d04d63737dd679a32b68d44bb392c5810...refs/remotes/origin/sash [106ms]
2025-08-28 10:45:43.023 [info] > git diff --name-status -z --diff-filter=ADMR a9da710d04d63737dd679a32b68d44bb392c5810...refs/remotes/origin/sash [118ms]
2025-08-28 10:45:43.034 [info] > git rev-parse --show-toplevel [96ms]
2025-08-28 10:45:43.142 [info] > git rev-parse --show-toplevel [102ms]
2025-08-28 10:45:43.278 [info] > git rev-parse --show-toplevel [128ms]
2025-08-28 10:45:43.408 [info] > git rev-parse --show-toplevel [121ms]
2025-08-28 10:45:43.508 [info] > git rev-parse --show-toplevel [92ms]
2025-08-28 10:45:43.600 [info] > git rev-parse --show-toplevel [86ms]
2025-08-28 10:45:43.604 [info] [Model][doInitialScan] Initial repository scan completed - repositories (1), closed repositories (0), parent repositories (0), unsafe repositories (0)
2025-08-28 10:45:44.048 [info] > git config --get commit.template [90ms]
2025-08-28 10:45:44.065 [info] > git for-each-ref --format=%(refname)%00%(upstream:short)%00%(objectname)%00%(upstream:track)%00%(upstream:remotename)%00%(upstream:remoteref) --ignore-case refs/heads/sash refs/remotes/sash [99ms]
2025-08-28 10:45:44.171 [info] > git for-each-ref --sort -committerdate --format %(refname)%00%(objectname)%00%(*objectname) [94ms]
2025-08-28 10:45:44.182 [info] > git status -z -uall [111ms]
2025-08-28 10:45:49.307 [info] > git config --get commit.template [112ms]
2025-08-28 10:45:49.316 [info] > git for-each-ref --format=%(refname)%00%(upstream:short)%00%(objectname)%00%(upstream:track)%00%(upstream:remotename)%00%(upstream:remoteref) --ignore-case refs/heads/sash refs/remotes/sash [115ms]
2025-08-28 10:45:49.437 [info] > git for-each-ref --sort -committerdate --format %(refname)%00%(objectname)%00%(*objectname) [108ms]
2025-08-28 10:45:49.457 [info] > git status -z -uall [132ms]
2025-08-28 10:45:54.603 [info] > git config --get commit.template [128ms]
2025-08-28 10:45:54.613 [info] > git for-each-ref --format=%(refname)%00%(upstream:short)%00%(objectname)%00%(upstream:track)%00%(upstream:remotename)%00%(upstream:remoteref) --ignore-case refs/heads/sash refs/remotes/sash [130ms]
2025-08-28 10:45:54.745 [info] > git for-each-ref --sort -committerdate --format %(refname)%00%(objectname)%00%(*objectname) [114ms]
2025-08-28 10:45:54.765 [info] > git status -z -uall [143ms]
2025-08-28 10:45:59.901 [info] > git config --get commit.template [118ms]
2025-08-28 10:45:59.913 [info] > git for-each-ref --format=%(refname)%00%(upstream:short)%00%(objectname)%00%(upstream:track)%00%(upstream:remotename)%00%(upstream:remoteref) --ignore-case refs/heads/sash refs/remotes/sash [124ms]
2025-08-28 10:46:00.036 [info] > git for-each-ref --sort -committerdate --format %(refname)%00%(objectname)%00%(*objectname) [104ms]
2025-08-28 10:46:00.046 [info] > git status -z -uall [125ms]
2025-08-28 10:46:05.168 [info] > git config --get commit.template [109ms]
2025-08-28 10:46:05.175 [info] > git for-each-ref --format=%(refname)%00%(upstream:short)%00%(objectname)%00%(upstream:track)%00%(upstream:remotename)%00%(upstream:remoteref) --ignore-case refs/heads/sash refs/remotes/sash [108ms]
2025-08-28 10:46:05.288 [info] > git for-each-ref --sort -committerdate --format %(refname)%00%(objectname)%00%(*objectname) [100ms]
2025-08-28 10:46:05.301 [info] > git status -z -uall [121ms]
2025-08-28 10:46:10.990 [info] > git config --get commit.template [127ms]
2025-08-28 10:46:11.001 [info] > git for-each-ref --format=%(refname)%00%(upstream:short)%00%(objectname)%00%(upstream:track)%00%(upstream:remotename)%00%(upstream:remoteref) --ignore-case refs/heads/sash refs/remotes/sash [127ms]
2025-08-28 10:46:11.134 [info] > git for-each-ref --sort -committerdate --format %(refname)%00%(objectname)%00%(*objectname) [119ms]
2025-08-28 10:46:11.154 [info] > git status -z -uall [145ms]
2025-08-28 10:47:36.919 [info] [main] Log level: Info
2025-08-28 10:47:36.919 [info] [main] Validating found git in: "C:\Program Files\Git\cmd\git.exe"
2025-08-28 10:47:37.010 [info] [main] Using git "2.48.1.windows.1" from "C:\Program Files\Git\cmd\git.exe"
2025-08-28 10:47:37.010 [info] [Model][doInitialScan] Initial repository scan started
2025-08-28 10:47:37.274 [info] > git rev-parse --show-toplevel [246ms]
2025-08-28 10:47:37.522 [info] > git rev-parse --git-dir --git-common-dir --show-superproject-working-tree [230ms]
2025-08-28 10:47:37.553 [info] [Model][openRepository] Opened repository (path): c:\wamp\www\symfony\wat
2025-08-28 10:47:37.553 [info] [Model][openRepository] Opened repository (real path): c:\wamp\www\symfony\wat
2025-08-28 10:47:37.553 [info] [Model][openRepository] Opened repository (kind): repository
2025-08-28 10:47:37.750 [info] > git rev-parse --show-toplevel [153ms]
2025-08-28 10:47:37.761 [info] > git config --get commit.template [181ms]
2025-08-28 10:47:37.781 [info] > git for-each-ref --format=%(refname)%00%(upstream:short)%00%(objectname)%00%(upstream:track)%00%(upstream:remotename)%00%(upstream:remoteref) --ignore-case refs/heads/sash refs/remotes/sash [161ms]
2025-08-28 10:47:37.866 [info] > git rev-parse --show-toplevel [107ms]
2025-08-28 10:47:37.926 [info] > git for-each-ref --sort -committerdate --format %(refname)%00%(objectname)%00%(*objectname) [122ms]
2025-08-28 10:47:37.935 [info] > git status -z -uall [142ms]
2025-08-28 10:47:37.985 [info] > git rev-parse --show-toplevel [111ms]
2025-08-28 10:47:38.084 [info] > git config --get commit.template [99ms]
2025-08-28 10:47:38.088 [info] > git for-each-ref --format=%(refname)%00%(upstream:short)%00%(objectname)%00%(upstream:track)%00%(upstream:remotename)%00%(upstream:remoteref) --ignore-case refs/heads/sash refs/remotes/sash [118ms]
2025-08-28 10:47:38.102 [info] > git rev-parse --show-toplevel [109ms]
2025-08-28 10:47:38.166 [info] > git for-each-ref --format=%(refname)%00%(upstream:short)%00%(objectname)%00%(upstream:track)%00%(upstream:remotename)%00%(upstream:remoteref) --ignore-case refs/heads/sash refs/remotes/sash [163ms]
2025-08-28 10:47:38.271 [info] > git config --get --local branch.sash.vscode-merge-base [172ms]
2025-08-28 10:47:38.283 [info] > git rev-parse --show-toplevel [167ms]
2025-08-28 10:47:38.304 [info] > git check-ignore -v -z --stdin [143ms]
2025-08-28 10:47:38.321 [info] > git for-each-ref --sort -committerdate --format %(refname)%00%(objectname)%00%(*objectname) [124ms]
2025-08-28 10:47:38.343 [info] > git status -z -uall [159ms]
2025-08-28 10:47:38.376 [info] > git for-each-ref --format=%(refname)%00%(upstream:short)%00%(objectname)%00%(upstream:track)%00%(upstream:remotename)%00%(upstream:remoteref) --ignore-case refs/heads/origin/main refs/remotes/origin/main [96ms]
2025-08-28 10:47:38.392 [info] > git rev-parse --show-toplevel [102ms]
2025-08-28 10:47:38.481 [info] > git merge-base refs/heads/sash refs/remotes/origin/sash [96ms]
2025-08-28 10:47:38.491 [info] > git rev-parse --show-toplevel [93ms]
2025-08-28 10:47:38.491 [info] > git merge-base refs/heads/sash refs/remotes/origin/sash [100ms]
2025-08-28 10:47:38.586 [info] > git diff --name-status -z --diff-filter=ADMR a9da710d04d63737dd679a32b68d44bb392c5810...refs/remotes/origin/sash [95ms]
2025-08-28 10:47:38.595 [info] > git rev-parse --show-toplevel [90ms]
2025-08-28 10:47:38.602 [info] > git diff --name-status -z --diff-filter=ADMR a9da710d04d63737dd679a32b68d44bb392c5810...refs/remotes/origin/sash [104ms]
2025-08-28 10:47:38.715 [info] > git rev-parse --show-toplevel [113ms]
2025-08-28 10:47:38.827 [info] > git rev-parse --show-toplevel [104ms]
2025-08-28 10:47:38.967 [info] > git rev-parse --show-toplevel [131ms]
2025-08-28 10:47:39.067 [info] > git rev-parse --show-toplevel [92ms]
2025-08-28 10:47:39.181 [info] > git rev-parse --show-toplevel [105ms]
2025-08-28 10:47:39.189 [info] [Model][doInitialScan] Initial repository scan completed - repositories (1), closed repositories (0), parent repositories (0), unsafe repositories (0)
2025-08-28 10:48:25.124 [info] > git config --get commit.template [108ms]
2025-08-28 10:48:25.148 [info] > git for-each-ref --format=%(refname)%00%(upstream:short)%00%(objectname)%00%(upstream:track)%00%(upstream:remotename)%00%(upstream:remoteref) --ignore-case refs/heads/sash refs/remotes/sash [122ms]
2025-08-28 10:48:25.302 [info] > git for-each-ref --sort -committerdate --format %(refname)%00%(objectname)%00%(*objectname) [134ms]
2025-08-28 10:48:25.320 [info] > git status -z -uall [163ms]
2025-08-28 10:49:25.140 [info] > git config --get commit.template [135ms]
2025-08-28 10:49:25.158 [info] > git for-each-ref --format=%(refname)%00%(upstream:short)%00%(objectname)%00%(upstream:track)%00%(upstream:remotename)%00%(upstream:remoteref) --ignore-case refs/heads/sash refs/remotes/sash [139ms]
2025-08-28 10:49:25.256 [info] > git for-each-ref --sort -committerdate --format %(refname)%00%(objectname)%00%(*objectname) [86ms]
2025-08-28 10:49:25.271 [info] > git status -z -uall [107ms]
2025-08-28 10:49:59.062 [info] [main] Log level: Info
2025-08-28 10:49:59.062 [info] [main] Validating found git in: "C:\Program Files\Git\cmd\git.exe"
2025-08-28 10:49:59.141 [info] [main] Using git "2.48.1.windows.1" from "C:\Program Files\Git\cmd\git.exe"
2025-08-28 10:49:59.141 [info] [Model][doInitialScan] Initial repository scan started
2025-08-28 10:49:59.274 [info] > git rev-parse --show-toplevel [117ms]
2025-08-28 10:49:59.403 [info] > git rev-parse --git-dir --git-common-dir --show-superproject-working-tree [117ms]
2025-08-28 10:49:59.423 [info] [Model][openRepository] Opened repository (path): c:\wamp\www\symfony\wat
2025-08-28 10:49:59.423 [info] [Model][openRepository] Opened repository (real path): c:\wamp\www\symfony\wat
2025-08-28 10:49:59.423 [info] [Model][openRepository] Opened repository (kind): repository
2025-08-28 10:49:59.564 [info] > git config --get commit.template [124ms]
2025-08-28 10:49:59.569 [info] > git rev-parse --show-toplevel [108ms]
2025-08-28 10:49:59.589 [info] > git for-each-ref --format=%(refname)%00%(upstream:short)%00%(objectname)%00%(upstream:track)%00%(upstream:remotename)%00%(upstream:remoteref) --ignore-case refs/heads/sash refs/remotes/sash [98ms]
2025-08-28 10:49:59.656 [info] > git rev-parse --show-toplevel [80ms]
2025-08-28 10:49:59.701 [info] > git for-each-ref --sort -committerdate --format %(refname)%00%(objectname)%00%(*objectname) [94ms]
2025-08-28 10:49:59.710 [info] > git status -z -uall [112ms]
2025-08-28 10:49:59.756 [info] > git rev-parse --show-toplevel [93ms]
2025-08-28 10:49:59.847 [info] > git for-each-ref --format=%(refname)%00%(upstream:short)%00%(objectname)%00%(upstream:track)%00%(upstream:remotename)%00%(upstream:remoteref) --ignore-case refs/heads/sash refs/remotes/sash [105ms]
2025-08-28 10:49:59.856 [info] > git config --get commit.template [100ms]
2025-08-28 10:49:59.859 [info] > git rev-parse --show-toplevel [96ms]
2025-08-28 10:49:59.870 [info] > git for-each-ref --format=%(refname)%00%(upstream:short)%00%(objectname)%00%(upstream:track)%00%(upstream:remotename)%00%(upstream:remoteref) --ignore-case refs/heads/sash refs/remotes/sash [100ms]
2025-08-28 10:49:59.936 [info] > git config --get --local branch.sash.vscode-merge-base [81ms]
2025-08-28 10:49:59.949 [info] > git rev-parse --show-toplevel [82ms]
2025-08-28 10:49:59.977 [info] > git for-each-ref --sort -committerdate --format %(refname)%00%(objectname)%00%(*objectname) [93ms]
2025-08-28 10:49:59.996 [info] > git status -z -uall [118ms]
2025-08-28 10:50:00.041 [info] > git for-each-ref --format=%(refname)%00%(upstream:short)%00%(objectname)%00%(upstream:track)%00%(upstream:remotename)%00%(upstream:remoteref) --ignore-case refs/heads/origin/main refs/remotes/origin/main [97ms]
2025-08-28 10:50:00.060 [info] > git rev-parse --show-toplevel [104ms]
2025-08-28 10:50:00.068 [info] > git check-ignore -v -z --stdin [96ms]
2025-08-28 10:50:00.133 [info] > git merge-base refs/heads/sash refs/remotes/origin/sash [83ms]
2025-08-28 10:50:00.143 [info] > git merge-base refs/heads/sash refs/remotes/origin/sash [85ms]
2025-08-28 10:50:00.151 [info] > git rev-parse --show-toplevel [84ms]
2025-08-28 10:50:00.231 [info] > git diff --name-status -z --diff-filter=ADMR a9da710d04d63737dd679a32b68d44bb392c5810...refs/remotes/origin/sash [89ms]
2025-08-28 10:50:00.235 [info] > git rev-parse --show-toplevel [77ms]
2025-08-28 10:50:00.236 [info] > git diff --name-status -z --diff-filter=ADMR a9da710d04d63737dd679a32b68d44bb392c5810...refs/remotes/origin/sash [86ms]
2025-08-28 10:50:00.313 [info] > git rev-parse --show-toplevel [70ms]
2025-08-28 10:50:00.394 [info] > git rev-parse --show-toplevel [74ms]
2025-08-28 10:50:00.472 [info] > git rev-parse --show-toplevel [73ms]
2025-08-28 10:50:00.554 [info] > git rev-parse --show-toplevel [76ms]
2025-08-28 10:50:00.640 [info] > git rev-parse --show-toplevel [79ms]
2025-08-28 10:50:00.644 [info] [Model][doInitialScan] Initial repository scan completed - repositories (1), closed repositories (0), parent repositories (0), unsafe repositories (0)
2025-08-28 10:50:07.031 [info] > git config --get commit.template [106ms]
2025-08-28 10:50:07.045 [info] > git for-each-ref --format=%(refname)%00%(upstream:short)%00%(objectname)%00%(upstream:track)%00%(upstream:remotename)%00%(upstream:remoteref) --ignore-case refs/heads/sash refs/remotes/sash [109ms]
2025-08-28 10:50:07.153 [info] > git for-each-ref --sort -committerdate --format %(refname)%00%(objectname)%00%(*objectname) [97ms]
2025-08-28 10:50:07.167 [info] > git status -z -uall [116ms]
2025-08-28 10:50:09.784 [info] [main] Log level: Info
2025-08-28 10:50:09.784 [info] [main] Validating found git in: "C:\Program Files\Git\cmd\git.exe"
2025-08-28 10:50:09.858 [info] [main] Using git "2.48.1.windows.1" from "C:\Program Files\Git\cmd\git.exe"
2025-08-28 10:50:09.858 [info] [Model][doInitialScan] Initial repository scan started
2025-08-28 10:50:09.948 [info] > git rev-parse --show-toplevel [79ms]
2025-08-28 10:50:10.067 [info] > git rev-parse --git-dir --git-common-dir --show-superproject-working-tree [111ms]
2025-08-28 10:50:10.082 [info] [Model][openRepository] Opened repository (path): c:\wamp\www\symfony\FNLR
2025-08-28 10:50:10.082 [info] [Model][openRepository] Opened repository (real path): c:\wamp\www\symfony\FNLR
2025-08-28 10:50:10.082 [info] [Model][openRepository] Opened repository (kind): repository
2025-08-28 10:50:10.177 [info] > git config --get commit.template [81ms]
2025-08-28 10:50:10.184 [info] > git rev-parse --show-toplevel [82ms]
2025-08-28 10:50:10.202 [info] > git for-each-ref --format=%(refname)%00%(upstream:short)%00%(objectname)%00%(upstream:track)%00%(upstream:remotename)%00%(upstream:remoteref) --ignore-case refs/heads/main refs/remotes/main [86ms]
2025-08-28 10:50:10.265 [info] > git rev-parse --show-toplevel [74ms]
2025-08-28 10:50:10.300 [info] > git for-each-ref --sort -committerdate --format %(refname)%00%(objectname)%00%(*objectname) [80ms]
2025-08-28 10:50:10.310 [info] > git status -z -uall [100ms]
2025-08-28 10:50:10.359 [info] > git rev-parse --show-toplevel [89ms]
2025-08-28 10:50:10.440 [info] > git for-each-ref --format=%(refname)%00%(upstream:short)%00%(objectname)%00%(upstream:track)%00%(upstream:remotename)%00%(upstream:remoteref) --ignore-case refs/heads/main refs/remotes/main [92ms]
2025-08-28 10:50:10.452 [info] > git config --get commit.template [93ms]
2025-08-28 10:50:10.454 [info] > git rev-parse --show-toplevel [87ms]
2025-08-28 10:50:10.469 [info] > git for-each-ref --format=%(refname)%00%(upstream:short)%00%(objectname)%00%(upstream:track)%00%(upstream:remotename)%00%(upstream:remoteref) --ignore-case refs/heads/main refs/remotes/main [96ms]
2025-08-28 10:50:10.535 [info] > git config --get --local branch.main.vscode-merge-base [87ms]
2025-08-28 10:50:10.547 [info] > git rev-parse --show-toplevel [86ms]
2025-08-28 10:50:10.571 [info] > git for-each-ref --sort -committerdate --format %(refname)%00%(objectname)%00%(*objectname) [88ms]
2025-08-28 10:50:10.574 [info] > git status -z -uall [99ms]
2025-08-28 10:50:10.623 [info] > git for-each-ref --format=%(refname)%00%(upstream:short)%00%(objectname)%00%(upstream:track)%00%(upstream:remotename)%00%(upstream:remoteref) --ignore-case refs/heads/origin/main refs/remotes/origin/main [78ms]
2025-08-28 10:50:10.640 [info] > git rev-parse --show-toplevel [87ms]
2025-08-28 10:50:10.695 [info] > git check-ignore -v -z --stdin [79ms]
2025-08-28 10:50:10.713 [info] > git merge-base refs/heads/main refs/remotes/origin/main [81ms]
2025-08-28 10:50:10.721 [info] > git rev-parse --show-toplevel [75ms]
2025-08-28 10:50:10.721 [info] > git merge-base refs/heads/main refs/remotes/origin/main [84ms]
2025-08-28 10:50:10.815 [info] > git diff --name-status -z --diff-filter=ADMR 0e57a28c632ed39a5c445413f9e68a5b77332475...refs/remotes/origin/main [95ms]
2025-08-28 10:50:10.821 [info] > git diff --name-status -z --diff-filter=ADMR 0e57a28c632ed39a5c445413f9e68a5b77332475...refs/remotes/origin/main [93ms]
2025-08-28 10:50:10.824 [info] > git rev-parse --show-toplevel [89ms]
2025-08-28 10:50:10.901 [info] > git rev-parse --show-toplevel [72ms]
2025-08-28 10:50:10.978 [info] > git rev-parse --show-toplevel [72ms]
2025-08-28 10:50:11.064 [info] > git rev-parse --show-toplevel [80ms]
2025-08-28 10:50:11.067 [info] [Model][doInitialScan] Initial repository scan completed - repositories (1), closed repositories (0), parent repositories (0), unsafe repositories (0)
2025-08-28 10:51:23.662 [info] > git config --get commit.template [111ms]
2025-08-28 10:51:23.677 [info] > git for-each-ref --format=%(refname)%00%(upstream:short)%00%(objectname)%00%(upstream:track)%00%(upstream:remotename)%00%(upstream:remoteref) --ignore-case refs/heads/main refs/remotes/main [114ms]
2025-08-28 10:51:23.813 [info] > git for-each-ref --sort -committerdate --format %(refname)%00%(objectname)%00%(*objectname) [115ms]
2025-08-28 10:51:23.820 [info] > git status -z -uall [133ms]
2025-08-28 10:52:08.441 [info] > git config --get commit.template [97ms]
2025-08-28 10:52:08.454 [info] > git for-each-ref --format=%(refname)%00%(upstream:short)%00%(objectname)%00%(upstream:track)%00%(upstream:remotename)%00%(upstream:remoteref) --ignore-case refs/heads/main refs/remotes/main [98ms]
2025-08-28 10:52:08.552 [info] > git for-each-ref --sort -committerdate --format %(refname)%00%(objectname)%00%(*objectname) [81ms]
2025-08-28 10:52:08.556 [info] > git status -z -uall [93ms]
2025-08-28 10:52:30.560 [info] > git config --get commit.template [106ms]
2025-08-28 10:52:30.568 [info] > git for-each-ref --format=%(refname)%00%(upstream:short)%00%(objectname)%00%(upstream:track)%00%(upstream:remotename)%00%(upstream:remoteref) --ignore-case refs/heads/main refs/remotes/main [94ms]
2025-08-28 10:52:30.666 [info] > git for-each-ref --sort -committerdate --format %(refname)%00%(objectname)%00%(*objectname) [85ms]
2025-08-28 10:52:30.671 [info] > git status -z -uall [97ms]
2025-08-28 10:52:35.762 [info] > git config --get commit.template [80ms]
2025-08-28 10:52:35.772 [info] > git for-each-ref --format=%(refname)%00%(upstream:short)%00%(objectname)%00%(upstream:track)%00%(upstream:remotename)%00%(upstream:remoteref) --ignore-case refs/heads/main refs/remotes/main [83ms]
2025-08-28 10:52:35.862 [info] > git for-each-ref --sort -committerdate --format %(refname)%00%(objectname)%00%(*objectname) [76ms]
2025-08-28 10:52:35.867 [info] > git status -z -uall [88ms]
2025-08-28 10:52:48.758 [info] > git config --get commit.template [111ms]
2025-08-28 10:52:48.788 [info] > git for-each-ref --format=%(refname)%00%(upstream:short)%00%(objectname)%00%(upstream:track)%00%(upstream:remotename)%00%(upstream:remoteref) --ignore-case refs/heads/main refs/remotes/main [112ms]
2025-08-28 10:52:48.897 [info] > git for-each-ref --sort -committerdate --format %(refname)%00%(objectname)%00%(*objectname) [94ms]
2025-08-28 10:52:48.902 [info] > git status -z -uall [105ms]
2025-08-28 10:52:54.224 [info] [main] Log level: Info
2025-08-28 10:52:54.224 [info] [main] Validating found git in: "C:\Program Files\Git\cmd\git.exe"
2025-08-28 10:52:54.299 [info] [main] Using git "2.48.1.windows.1" from "C:\Program Files\Git\cmd\git.exe"
2025-08-28 10:52:54.299 [info] [Model][doInitialScan] Initial repository scan started
2025-08-28 10:52:54.406 [info] > git rev-parse --show-toplevel [93ms]
2025-08-28 10:52:54.580 [info] > git rev-parse --git-dir --git-common-dir --show-superproject-working-tree [156ms]
2025-08-28 10:52:54.600 [info] [Model][openRepository] Opened repository (path): c:\wamp\www\symfony\wat
2025-08-28 10:52:54.600 [info] [Model][openRepository] Opened repository (real path): c:\wamp\www\symfony\wat
2025-08-28 10:52:54.600 [info] [Model][openRepository] Opened repository (kind): repository
2025-08-28 10:52:54.724 [info] > git config --get commit.template [104ms]
2025-08-28 10:52:54.730 [info] > git rev-parse --show-toplevel [103ms]
2025-08-28 10:52:54.751 [info] > git for-each-ref --format=%(refname)%00%(upstream:short)%00%(objectname)%00%(upstream:track)%00%(upstream:remotename)%00%(upstream:remoteref) --ignore-case refs/heads/sash refs/remotes/sash [112ms]
2025-08-28 10:52:54.864 [info] > git rev-parse --show-toplevel [126ms]
2025-08-28 10:52:54.932 [info] > git for-each-ref --sort -committerdate --format %(refname)%00%(objectname)%00%(*objectname) [153ms]
2025-08-28 10:52:54.951 [info] > git status -z -uall [187ms]
2025-08-28 10:52:55.017 [info] > git rev-parse --show-toplevel [143ms]
2025-08-28 10:52:55.114 [info] > git for-each-ref --format=%(refname)%00%(upstream:short)%00%(objectname)%00%(upstream:track)%00%(upstream:remotename)%00%(upstream:remoteref) --ignore-case refs/heads/sash refs/remotes/sash [119ms]
2025-08-28 10:52:55.125 [info] > git config --get commit.template [108ms]
2025-08-28 10:52:55.134 [info] > git rev-parse --show-toplevel [105ms]
2025-08-28 10:52:55.153 [info] > git for-each-ref --format=%(refname)%00%(upstream:short)%00%(objectname)%00%(upstream:track)%00%(upstream:remotename)%00%(upstream:remoteref) --ignore-case refs/heads/sash refs/remotes/sash [115ms]
2025-08-28 10:52:55.226 [info] > git config --get --local branch.sash.vscode-merge-base [103ms]
2025-08-28 10:52:55.245 [info] > git rev-parse --show-toplevel [103ms]
2025-08-28 10:52:55.284 [info] > git check-ignore -v -z --stdin [98ms]
2025-08-28 10:52:55.286 [info] > git for-each-ref --sort -committerdate --format %(refname)%00%(objectname)%00%(*objectname) [116ms]
2025-08-28 10:52:55.296 [info] > git status -z -uall [134ms]
2025-08-28 10:52:55.325 [info] > git for-each-ref --format=%(refname)%00%(upstream:short)%00%(objectname)%00%(upstream:track)%00%(upstream:remotename)%00%(upstream:remoteref) --ignore-case refs/heads/origin/main refs/remotes/origin/main [89ms]
2025-08-28 10:52:55.343 [info] > git rev-parse --show-toplevel [90ms]
2025-08-28 10:52:55.428 [info] > git merge-base refs/heads/sash refs/remotes/origin/sash [94ms]
2025-08-28 10:52:55.437 [info] > git merge-base refs/heads/sash refs/remotes/origin/sash [97ms]
2025-08-28 10:52:55.445 [info] > git rev-parse --show-toplevel [97ms]
2025-08-28 10:52:55.515 [info] > git diff --name-status -z --diff-filter=ADMR a9da710d04d63737dd679a32b68d44bb392c5810...refs/remotes/origin/sash [79ms]
2025-08-28 10:52:55.522 [info] > git rev-parse --show-toplevel [71ms]
2025-08-28 10:52:55.528 [info] > git diff --name-status -z --diff-filter=ADMR a9da710d04d63737dd679a32b68d44bb392c5810...refs/remotes/origin/sash [84ms]
2025-08-28 10:52:55.594 [info] > git rev-parse --show-toplevel [66ms]
2025-08-28 10:52:55.674 [info] > git rev-parse --show-toplevel [74ms]
2025-08-28 10:52:55.756 [info] > git rev-parse --show-toplevel [76ms]
2025-08-28 10:52:55.841 [info] > git rev-parse --show-toplevel [77ms]
2025-08-28 10:52:55.915 [info] > git rev-parse --show-toplevel [68ms]
2025-08-28 10:52:55.918 [info] [Model][doInitialScan] Initial repository scan completed - repositories (1), closed repositories (0), parent repositories (0), unsafe repositories (0)
